============================================================
GRASPING POLICY TRAINING
============================================================
Training for 200000 timesteps
Using 4 parallel environments
Output directory: checkpoints/grasping_v5
============================================================

Creating environments...
Using cpu device

Starting training...
Task: Learn to GRIP and BALANCE on the bar
Reward: +3 per grip contact, +1 height, +0.5 stability, -5 fall

Logging to checkpoints/grasping_v5/tensorboard/PPO_4
---------------------------------
| rollout/           |          |
|    ep_len_mean     | 465      |
|    ep_rew_mean     | -323     |
| time/              |          |
|    fps             | 4194     |
|    iterations      | 1        |
|    time_elapsed    | 0        |
|    total_timesteps | 4096     |
---------------------------------
-----------------------------------------
| rollout/                |             |
|    ep_len_mean          | 426         |
|    ep_rew_mean          | -395        |
| time/                   |             |
|    fps                  | 2798        |
|    iterations           | 2           |
|    time_elapsed         | 2           |
|    total_timesteps      | 8192        |
| train/                  |             |
|    approx_kl            | 0.014989701 |
|    clip_fraction        | 0.142       |
|    clip_range           | 0.2         |
|    entropy_loss         | -11.4       |
|    explained_variance   | -0.279      |
|    learning_rate        | 0.0003      |
|    loss                 | 0.513       |
|    n_updates            | 10          |
|    policy_gradient_loss | -0.0241     |
|    std                  | 1           |
|    value_loss           | 0.306       |
-----------------------------------------
-----------------------------------------
| rollout/                |             |
|    ep_len_mean          | 410         |
|    ep_rew_mean          | -254        |
| time/                   |             |
|    fps                  | 2420        |
|    iterations           | 3           |
|    time_elapsed         | 5           |
|    total_timesteps      | 12288       |
| train/                  |             |
|    approx_kl            | 0.014928954 |
|    clip_fraction        | 0.151       |
|    clip_range           | 0.2         |
|    entropy_loss         | -11.4       |
|    explained_variance   | 0.361       |
|    learning_rate        | 0.0003      |
|    loss                 | -0.0732     |
|    n_updates            | 20          |
|    policy_gradient_loss | -0.0266     |
|    std                  | 1.01        |
|    value_loss           | 0.117       |
-----------------------------------------
-----------------------------------------
| rollout/                |             |
|    ep_len_mean          | 457         |
|    ep_rew_mean          | -325        |
| time/                   |             |
|    fps                  | 2322        |
|    iterations           | 4           |
|    time_elapsed         | 7           |
|    total_timesteps      | 16384       |
| train/                  |             |
|    approx_kl            | 0.014449696 |
|    clip_fraction        | 0.158       |
|    clip_range           | 0.2         |
|    entropy_loss         | -11.4       |
|    explained_variance   | 0.174       |
|    learning_rate        | 0.0003      |
|    loss                 | -0.121      |
|    n_updates            | 30          |
|    policy_gradient_loss | -0.0273     |
|    std                  | 1.01        |
|    value_loss           | 0.114       |
-----------------------------------------
  Grip success rate (last 1000 steps): 87.60%
-----------------------------------------
| rollout/                |             |
|    ep_len_mean          | 446         |
|    ep_rew_mean          | -383        |
| time/                   |             |
|    fps                  | 2209        |
|    iterations           | 5           |
|    time_elapsed         | 9           |
|    total_timesteps      | 20480       |
| train/                  |             |
|    approx_kl            | 0.013614101 |
|    clip_fraction        | 0.15        |
|    clip_range           | 0.2         |
|    entropy_loss         | -11.4       |
|    explained_variance   | 0.296       |
|    learning_rate        | 0.0003      |
|    loss                 | -0.106      |
|    n_updates            | 40          |
|    policy_gradient_loss | -0.0263     |
|    std                  | 1.01        |
|    value_loss           | 0.117       |
-----------------------------------------
-----------------------------------------
| rollout/                |             |
|    ep_len_mean          | 466         |
|    ep_rew_mean          | -422        |
| time/                   |             |
|    fps                  | 2190        |
|    iterations           | 6           |
|    time_elapsed         | 11          |
|    total_timesteps      | 24576       |
| train/                  |             |
|    approx_kl            | 0.012431543 |
|    clip_fraction        | 0.134       |
|    clip_range           | 0.2         |
|    entropy_loss         | -11.4       |
|    explained_variance   | 0.3         |
|    learning_rate        | 0.0003      |
|    loss                 | -0.118      |
|    n_updates            | 50          |
|    policy_gradient_loss | -0.0254     |
|    std                  | 1.01        |
|    value_loss           | 0.106       |
-----------------------------------------
-----------------------------------------
| rollout/                |             |
|    ep_len_mean          | 408         |
|    ep_rew_mean          | -371        |
| time/                   |             |
|    fps                  | 2180        |
|    iterations           | 7           |
|    time_elapsed         | 13          |
|    total_timesteps      | 28672       |
| train/                  |             |
|    approx_kl            | 0.014586219 |
|    clip_fraction        | 0.163       |
|    clip_range           | 0.2         |
|    entropy_loss         | -11.4       |
|    explained_variance   | 0.6         |
|    learning_rate        | 0.0003      |
|    loss                 | -0.122      |
|    n_updates            | 60          |
|    policy_gradient_loss | -0.029      |
|    std                  | 1.01        |
|    value_loss           | 0.0843      |
-----------------------------------------
------------------------------------------
| rollout/                |              |
|    ep_len_mean          | 415          |
|    ep_rew_mean          | -403         |
| time/                   |              |
|    fps                  | 2174         |
|    iterations           | 8            |
|    time_elapsed         | 15           |
|    total_timesteps      | 32768        |
| train/                  |              |
|    approx_kl            | 0.0139938295 |
|    clip_fraction        | 0.171        |
|    clip_range           | 0.2          |
|    entropy_loss         | -11.4        |
|    explained_variance   | 0.41         |
|    learning_rate        | 0.0003       |
|    loss                 | -0.113       |
|    n_updates            | 70           |
|    policy_gradient_loss | -0.0303      |
|    std                  | 1.01         |
|    value_loss           | 0.113        |
------------------------------------------
-----------------------------------------
| rollout/                |             |
|    ep_len_mean          | 404         |
|    ep_rew_mean          | -421        |
| time/                   |             |
|    fps                  | 2163        |
|    iterations           | 9           |
|    time_elapsed         | 17          |
|    total_timesteps      | 36864       |
| train/                  |             |
|    approx_kl            | 0.013222594 |
|    clip_fraction        | 0.155       |
|    clip_range           | 0.2         |
|    entropy_loss         | -11.4       |
|    explained_variance   | 0.416       |
|    learning_rate        | 0.0003      |
|    loss                 | -0.112      |
|    n_updates            | 80          |
|    policy_gradient_loss | -0.0272     |
|    std                  | 1           |
|    value_loss           | 0.114       |
-----------------------------------------
Eval num_timesteps=40000, episode_reward=-2809.65 +/- 2775.59
Episode length: 808.00 +/- 384.00
-----------------------------------------
| eval/                   |             |
|    mean_ep_length       | 808         |
|    mean_reward          | -2.81e+03   |
| time/                   |             |
|    total_timesteps      | 40000       |
| train/                  |             |
|    approx_kl            | 0.013411355 |
|    clip_fraction        | 0.157       |
|    clip_range           | 0.2         |
|    entropy_loss         | -11.4       |
|    explained_variance   | 0.481       |
|    learning_rate        | 0.0003      |
|    loss                 | -0.118      |
|    n_updates            | 90          |
|    policy_gradient_loss | -0.0269     |
|    std                  | 1.01        |
|    value_loss           | 0.0986      |
-----------------------------------------
New best mean reward!
  Grip success rate (last 1000 steps): 91.70%
---------------------------------
| rollout/           |          |
|    ep_len_mean     | 408      |
|    ep_rew_mean     | -416     |
| time/              |          |
|    fps             | 1888     |
|    iterations      | 10       |
|    time_elapsed    | 21       |
|    total_timesteps | 40960    |
---------------------------------
------------------------------------------
| rollout/                |              |
|    ep_len_mean          | 393          |
|    ep_rew_mean          | -395         |
| time/                   |              |
|    fps                  | 1919         |
|    iterations           | 11           |
|    time_elapsed         | 23           |
|    total_timesteps      | 45056        |
| train/                  |              |
|    approx_kl            | 0.0153704295 |
|    clip_fraction        | 0.18         |
|    clip_range           | 0.2          |
|    entropy_loss         | -11.5        |
|    explained_variance   | 0.801        |
|    learning_rate        | 0.0003       |
|    loss                 | -0.0924      |
|    n_updates            | 100          |
|    policy_gradient_loss | -0.0322      |
|    std                  | 1.01         |
|    value_loss           | 0.104        |
------------------------------------------
-----------------------------------------
| rollout/                |             |
|    ep_len_mean          | 372         |
|    ep_rew_mean          | -394        |
| time/                   |             |
|    fps                  | 1936        |
|    iterations           | 12          |
|    time_elapsed         | 25          |
|    total_timesteps      | 49152       |
| train/                  |             |
|    approx_kl            | 0.014115276 |
|    clip_fraction        | 0.161       |
|    clip_range           | 0.2         |
|    entropy_loss         | -11.5       |
|    explained_variance   | 0.611       |
|    learning_rate        | 0.0003      |
|    loss                 | -0.122      |
|    n_updates            | 110         |
|    policy_gradient_loss | -0.0299     |
|    std                  | 1.02        |
|    value_loss           | 0.0886      |
-----------------------------------------
-----------------------------------------
| rollout/                |             |
|    ep_len_mean          | 333         |
|    ep_rew_mean          | -368        |
| time/                   |             |
|    fps                  | 1962        |
|    iterations           | 13          |
|    time_elapsed         | 27          |
|    total_timesteps      | 53248       |
| train/                  |             |
|    approx_kl            | 0.014264608 |
|    clip_fraction        | 0.164       |
|    clip_range           | 0.2         |
|    entropy_loss         | -11.5       |
|    explained_variance   | 0.398       |
|    learning_rate        | 0.0003      |
|    loss                 | -0.119      |
|    n_updates            | 120         |
|    policy_gradient_loss | -0.0312     |
|    std                  | 1.02        |
|    value_loss           | 0.0829      |
-----------------------------------------
-----------------------------------------
| rollout/                |             |
|    ep_len_mean          | 300         |
|    ep_rew_mean          | -349        |
| time/                   |             |
|    fps                  | 1970        |
|    iterations           | 14          |
|    time_elapsed         | 29          |
|    total_timesteps      | 57344       |
| train/                  |             |
|    approx_kl            | 0.015324222 |
|    clip_fraction        | 0.176       |
|    clip_range           | 0.2         |
|    entropy_loss         | -11.5       |
|    explained_variance   | 0.476       |
|    learning_rate        | 0.0003      |
|    loss                 | -0.141      |
|    n_updates            | 130         |
|    policy_gradient_loss | -0.0324     |
|    std                  | 1.02        |
|    value_loss           | 0.0822      |
-----------------------------------------
  Grip success rate (last 1000 steps): 84.10%
-----------------------------------------
| rollout/                |             |
|    ep_len_mean          | 279         |
|    ep_rew_mean          | -298        |
| time/                   |             |
|    fps                  | 1976        |
|    iterations           | 15          |
|    time_elapsed         | 31          |
|    total_timesteps      | 61440       |
| train/                  |             |
|    approx_kl            | 0.013764993 |
|    clip_fraction        | 0.169       |
|    clip_range           | 0.2         |
|    entropy_loss         | -11.5       |
|    explained_variance   | 0.577       |
|    learning_rate        | 0.0003      |
|    loss                 | -0.147      |
|    n_updates            | 140         |
|    policy_gradient_loss | -0.0318     |
|    std                  | 1.01        |
|    value_loss           | 0.0824      |
-----------------------------------------
-----------------------------------------
| rollout/                |             |
|    ep_len_mean          | 247         |
|    ep_rew_mean          | -245        |
| time/                   |             |
|    fps                  | 1992        |
|    iterations           | 16          |
|    time_elapsed         | 32          |
|    total_timesteps      | 65536       |
| train/                  |             |
|    approx_kl            | 0.015104843 |
|    clip_fraction        | 0.178       |
|    clip_range           | 0.2         |
|    entropy_loss         | -11.5       |
|    explained_variance   | 0.505       |
|    learning_rate        | 0.0003      |
|    loss                 | -0.14       |
|    n_updates            | 150         |
|    policy_gradient_loss | -0.0318     |
|    std                  | 1.02        |
|    value_loss           | 0.0818      |
-----------------------------------------
-----------------------------------------
| rollout/                |             |
|    ep_len_mean          | 242         |
|    ep_rew_mean          | -269        |
| time/                   |             |
|    fps                  | 2002        |
|    iterations           | 17          |
|    time_elapsed         | 34          |
|    total_timesteps      | 69632       |
| train/                  |             |
|    approx_kl            | 0.013444433 |
|    clip_fraction        | 0.17        |
|    clip_range           | 0.2         |
|    entropy_loss         | -11.5       |
|    explained_variance   | 0.63        |
|    learning_rate        | 0.0003      |
|    loss                 | -0.133      |
|    n_updates            | 160         |
|    policy_gradient_loss | -0.0322     |
|    std                  | 1.02        |
|    value_loss           | 0.0806      |
-----------------------------------------
-----------------------------------------
| rollout/                |             |
|    ep_len_mean          | 231         |
|    ep_rew_mean          | -266        |
| time/                   |             |
|    fps                  | 2008        |
|    iterations           | 18          |
|    time_elapsed         | 36          |
|    total_timesteps      | 73728       |
| train/                  |             |
|    approx_kl            | 0.015582522 |
|    clip_fraction        | 0.188       |
|    clip_range           | 0.2         |
|    entropy_loss         | -11.5       |
|    explained_variance   | 0.57        |
|    learning_rate        | 0.0003      |
|    loss                 | -0.143      |
|    n_updates            | 170         |
|    policy_gradient_loss | -0.0358     |
|    std                  | 1.02        |
|    value_loss           | 0.0848      |
-----------------------------------------
-----------------------------------------
| rollout/                |             |
|    ep_len_mean          | 218         |
|    ep_rew_mean          | -216        |
| time/                   |             |
|    fps                  | 2014        |
|    iterations           | 19          |
|    time_elapsed         | 38          |
|    total_timesteps      | 77824       |
| train/                  |             |
|    approx_kl            | 0.014467489 |
|    clip_fraction        | 0.169       |
|    clip_range           | 0.2         |
|    entropy_loss         | -11.5       |
|    explained_variance   | 0.545       |
|    learning_rate        | 0.0003      |
|    loss                 | -0.151      |
|    n_updates            | 180         |
|    policy_gradient_loss | -0.0321     |
|    std                  | 1.02        |
|    value_loss           | 0.0737      |
-----------------------------------------
Eval num_timesteps=80000, episode_reward=-7.20 +/- 0.12
Episode length: 3.00 +/- 0.00
------------------------------------------
| eval/                   |              |
|    mean_ep_length       | 3            |
|    mean_reward          | -7.2         |
| time/                   |              |
|    total_timesteps      | 80000        |
| train/                  |              |
|    approx_kl            | 0.0147862695 |
|    clip_fraction        | 0.176        |
|    clip_range           | 0.2          |
|    entropy_loss         | -11.5        |
|    explained_variance   | 0.706        |
|    learning_rate        | 0.0003       |
|    loss                 | -0.15        |
|    n_updates            | 190          |
|    policy_gradient_loss | -0.0332      |
|    std                  | 1.03         |
|    value_loss           | 0.0788       |
------------------------------------------
New best mean reward!
  Grip success rate (last 1000 steps): 95.60%
---------------------------------
| rollout/           |          |
|    ep_len_mean     | 228      |
|    ep_rew_mean     | -192     |
| time/              |          |
|    fps             | 2017     |
|    iterations      | 20       |
|    time_elapsed    | 40       |
|    total_timesteps | 81920    |
---------------------------------
-----------------------------------------
| rollout/                |             |
|    ep_len_mean          | 141         |
|    ep_rew_mean          | -108        |
| time/                   |             |
|    fps                  | 2009        |
|    iterations           | 21          |
|    time_elapsed         | 42          |
|    total_timesteps      | 86016       |
| train/                  |             |
|    approx_kl            | 0.016793001 |
|    clip_fraction        | 0.195       |
|    clip_range           | 0.2         |
|    entropy_loss         | -11.6       |
|    explained_variance   | 0.601       |
|    learning_rate        | 0.0003      |
|    loss                 | -0.155      |
|    n_updates            | 200         |
|    policy_gradient_loss | -0.0392     |
|    std                  | 1.03        |
|    value_loss           | 0.0681      |
-----------------------------------------
-----------------------------------------
| rollout/                |             |
|    ep_len_mean          | 133         |
|    ep_rew_mean          | -88.7       |
| time/                   |             |
|    fps                  | 2016        |
|    iterations           | 22          |
|    time_elapsed         | 44          |
|    total_timesteps      | 90112       |
| train/                  |             |
|    approx_kl            | 0.015531076 |
|    clip_fraction        | 0.185       |
|    clip_range           | 0.2         |
|    entropy_loss         | -11.6       |
|    explained_variance   | 0.677       |
|    learning_rate        | 0.0003      |
|    loss                 | -0.142      |
|    n_updates            | 210         |
|    policy_gradient_loss | -0.0354     |
|    std                  | 1.03        |
|    value_loss           | 0.0651      |
-----------------------------------------
-----------------------------------------
| rollout/                |             |
|    ep_len_mean          | 121         |
|    ep_rew_mean          | -91.5       |
| time/                   |             |
|    fps                  | 2021        |
|    iterations           | 23          |
|    time_elapsed         | 46          |
|    total_timesteps      | 94208       |
| train/                  |             |
|    approx_kl            | 0.014986956 |
|    clip_fraction        | 0.179       |
|    clip_range           | 0.2         |
|    entropy_loss         | -11.6       |
|    explained_variance   | 0.571       |
|    learning_rate        | 0.0003      |
|    loss                 | -0.137      |
|    n_updates            | 220         |
|    policy_gradient_loss | -0.0344     |
|    std                  | 1.03        |
|    value_loss           | 0.0814      |
-----------------------------------------
-----------------------------------------
| rollout/                |             |
|    ep_len_mean          | 128         |
|    ep_rew_mean          | -94.5       |
| time/                   |             |
|    fps                  | 2019        |
|    iterations           | 24          |
|    time_elapsed         | 48          |
|    total_timesteps      | 98304       |
| train/                  |             |
|    approx_kl            | 0.016492933 |
|    clip_fraction        | 0.186       |
|    clip_range           | 0.2         |
|    entropy_loss         | -11.6       |
|    explained_variance   | 0.679       |
|    learning_rate        | 0.0003      |
|    loss                 | -0.138      |
|    n_updates            | 230         |
|    policy_gradient_loss | -0.0373     |
|    std                  | 1.04        |
|    value_loss           | 0.082       |
-----------------------------------------
  Grip success rate (last 1000 steps): 85.90%
-----------------------------------------
| rollout/                |             |
|    ep_len_mean          | 155         |
|    ep_rew_mean          | -94         |
| time/                   |             |
|    fps                  | 2017        |
|    iterations           | 25          |
|    time_elapsed         | 50          |
|    total_timesteps      | 102400      |
| train/                  |             |
|    approx_kl            | 0.016117629 |
|    clip_fraction        | 0.185       |
|    clip_range           | 0.2         |
|    entropy_loss         | -11.7       |
|    explained_variance   | 0.393       |
|    learning_rate        | 0.0003      |
|    loss                 | -0.122      |
|    n_updates            | 240         |
|    policy_gradient_loss | -0.0373     |
|    std                  | 1.04        |
|    value_loss           | 0.0787      |
-----------------------------------------
-----------------------------------------
| rollout/                |             |
|    ep_len_mean          | 138         |
|    ep_rew_mean          | -62.9       |
| time/                   |             |
|    fps                  | 2023        |
|    iterations           | 26          |
|    time_elapsed         | 52          |
|    total_timesteps      | 106496      |
| train/                  |             |
|    approx_kl            | 0.016676169 |
|    clip_fraction        | 0.205       |
|    clip_range           | 0.2         |
|    entropy_loss         | -11.7       |
|    explained_variance   | 0.421       |
|    learning_rate        | 0.0003      |
|    loss                 | -0.159      |
|    n_updates            | 250         |
|    policy_gradient_loss | -0.0401     |
|    std                  | 1.04        |
|    value_loss           | 0.0562      |
-----------------------------------------
-----------------------------------------
| rollout/                |             |
|    ep_len_mean          | 120         |
|    ep_rew_mean          | -63.9       |
| time/                   |             |
|    fps                  | 2024        |
|    iterations           | 27          |
|    time_elapsed         | 54          |
|    total_timesteps      | 110592      |
| train/                  |             |
|    approx_kl            | 0.015453802 |
|    clip_fraction        | 0.181       |
|    clip_range           | 0.2         |
|    entropy_loss         | -11.7       |
|    explained_variance   | 0.423       |
|    learning_rate        | 0.0003      |
|    loss                 | -0.14       |
|    n_updates            | 260         |
|    policy_gradient_loss | -0.0383     |
|    std                  | 1.04        |
|    value_loss           | 0.073       |
-----------------------------------------
-----------------------------------------
| rollout/                |             |
|    ep_len_mean          | 108         |
|    ep_rew_mean          | -86.8       |
| time/                   |             |
|    fps                  | 2023        |
|    iterations           | 28          |
|    time_elapsed         | 56          |
|    total_timesteps      | 114688      |
| train/                  |             |
|    approx_kl            | 0.015634548 |
|    clip_fraction        | 0.199       |
|    clip_range           | 0.2         |
|    entropy_loss         | -11.7       |
|    explained_variance   | 0.481       |
|    learning_rate        | 0.0003      |
|    loss                 | -0.145      |
|    n_updates            | 270         |
|    policy_gradient_loss | -0.0408     |
|    std                  | 1.04        |
|    value_loss           | 0.0663      |
-----------------------------------------
-----------------------------------------
| rollout/                |             |
|    ep_len_mean          | 93.1        |
|    ep_rew_mean          | -98.6       |
| time/                   |             |
|    fps                  | 2024        |
|    iterations           | 29          |
|    time_elapsed         | 58          |
|    total_timesteps      | 118784      |
| train/                  |             |
|    approx_kl            | 0.016663719 |
|    clip_fraction        | 0.193       |
|    clip_range           | 0.2         |
|    entropy_loss         | -11.8       |
|    explained_variance   | 0.401       |
|    learning_rate        | 0.0003      |
|    loss                 | -0.12       |
|    n_updates            | 280         |
|    policy_gradient_loss | -0.0381     |
|    std                  | 1.05        |
|    value_loss           | 0.06        |
-----------------------------------------
Eval num_timesteps=120000, episode_reward=-3.85 +/- 1.37
Episode length: 3.20 +/- 0.40
-----------------------------------------
| eval/                   |             |
|    mean_ep_length       | 3.2         |
|    mean_reward          | -3.85       |
| time/                   |             |
|    total_timesteps      | 120000      |
| train/                  |             |
|    approx_kl            | 0.017850187 |
|    clip_fraction        | 0.194       |
|    clip_range           | 0.2         |
|    entropy_loss         | -11.8       |
|    explained_variance   | 0.511       |
|    learning_rate        | 0.0003      |
|    loss                 | -0.147      |
|    n_updates            | 290         |
|    policy_gradient_loss | -0.0388     |
|    std                  | 1.06        |
|    value_loss           | 0.0544      |
-----------------------------------------
New best mean reward!
  Grip success rate (last 1000 steps): 84.50%
---------------------------------
| rollout/           |          |
|    ep_len_mean     | 67       |
|    ep_rew_mean     | -69.6    |
| time/              |          |
|    fps             | 2018     |
|    iterations      | 30       |
|    time_elapsed    | 60       |
|    total_timesteps | 122880   |
---------------------------------
-----------------------------------------
| rollout/                |             |
|    ep_len_mean          | 55.9        |
|    ep_rew_mean          | -59.6       |
| time/                   |             |
|    fps                  | 2010        |
|    iterations           | 31          |
|    time_elapsed         | 63          |
|    total_timesteps      | 126976      |
| train/                  |             |
|    approx_kl            | 0.014554945 |
|    clip_fraction        | 0.174       |
|    clip_range           | 0.2         |
|    entropy_loss         | -11.8       |
|    explained_variance   | 0.511       |
|    learning_rate        | 0.0003      |
|    loss                 | -0.163      |
|    n_updates            | 300         |
|    policy_gradient_loss | -0.0383     |
|    std                  | 1.05        |
|    value_loss           | 0.0667      |
-----------------------------------------
-----------------------------------------
| rollout/                |             |
|    ep_len_mean          | 52          |
|    ep_rew_mean          | -30.5       |
| time/                   |             |
|    fps                  | 2008        |
|    iterations           | 32          |
|    time_elapsed         | 65          |
|    total_timesteps      | 131072      |
| train/                  |             |
|    approx_kl            | 0.017387297 |
|    clip_fraction        | 0.202       |
|    clip_range           | 0.2         |
|    entropy_loss         | -11.8       |
|    explained_variance   | 0.505       |
|    learning_rate        | 0.0003      |
|    loss                 | -0.165      |
|    n_updates            | 310         |
|    policy_gradient_loss | -0.0398     |
|    std                  | 1.06        |
|    value_loss           | 0.0707      |
-----------------------------------------
-----------------------------------------
| rollout/                |             |
|    ep_len_mean          | 55.6        |
|    ep_rew_mean          | -66.2       |
| time/                   |             |
|    fps                  | 2010        |
|    iterations           | 33          |
|    time_elapsed         | 67          |
|    total_timesteps      | 135168      |
| train/                  |             |
|    approx_kl            | 0.016181942 |
|    clip_fraction        | 0.193       |
|    clip_range           | 0.2         |
|    entropy_loss         | -11.8       |
|    explained_variance   | 0.503       |
|    learning_rate        | 0.0003      |
|    loss                 | -0.157      |
|    n_updates            | 320         |
|    policy_gradient_loss | -0.0395     |
|    std                  | 1.06        |
|    value_loss           | 0.0623      |
-----------------------------------------
-----------------------------------------
| rollout/                |             |
|    ep_len_mean          | 12          |
|    ep_rew_mean          | -20.5       |
| time/                   |             |
|    fps                  | 1990        |
|    iterations           | 34          |
|    time_elapsed         | 69          |
|    total_timesteps      | 139264      |
| train/                  |             |
|    approx_kl            | 0.014496211 |
|    clip_fraction        | 0.166       |
|    clip_range           | 0.2         |
|    entropy_loss         | -11.8       |
|    explained_variance   | 0.577       |
|    learning_rate        | 0.0003      |
|    loss                 | -0.157      |
|    n_updates            | 330         |
|    policy_gradient_loss | -0.0365     |
|    std                  | 1.06        |
|    value_loss           | 0.0682      |
-----------------------------------------
  Grip success rate (last 1000 steps): 88.00%
-----------------------------------------
| rollout/                |             |
|    ep_len_mean          | 34.8        |
|    ep_rew_mean          | -22.1       |
| time/                   |             |
|    fps                  | 1971        |
|    iterations           | 35          |
|    time_elapsed         | 72          |
|    total_timesteps      | 143360      |
| train/                  |             |
|    approx_kl            | 0.017226933 |
|    clip_fraction        | 0.197       |
|    clip_range           | 0.2         |
|    entropy_loss         | -11.8       |
|    explained_variance   | 0.555       |
|    learning_rate        | 0.0003      |
|    loss                 | -0.165      |
|    n_updates            | 340         |
|    policy_gradient_loss | -0.0393     |
|    std                  | 1.06        |
|    value_loss           | 0.064       |
-----------------------------------------
-----------------------------------------
| rollout/                |             |
|    ep_len_mean          | 10.3        |
|    ep_rew_mean          | -7.88       |
| time/                   |             |
|    fps                  | 1933        |
|    iterations           | 36          |
|    time_elapsed         | 76          |
|    total_timesteps      | 147456      |
| train/                  |             |
|    approx_kl            | 0.017720094 |
|    clip_fraction        | 0.187       |
|    clip_range           | 0.2         |
|    entropy_loss         | -11.8       |
|    explained_variance   | 0.59        |
|    learning_rate        | 0.0003      |
|    loss                 | -0.147      |
|    n_updates            | 350         |
|    policy_gradient_loss | -0.0372     |
|    std                  | 1.06        |
|    value_loss           | 0.05        |
-----------------------------------------
-----------------------------------------
| rollout/                |             |
|    ep_len_mean          | 33.2        |
|    ep_rew_mean          | -26.2       |
| time/                   |             |
|    fps                  | 1914        |
|    iterations           | 37          |
|    time_elapsed         | 79          |
|    total_timesteps      | 151552      |
| train/                  |             |
|    approx_kl            | 0.018476078 |
|    clip_fraction        | 0.205       |
|    clip_range           | 0.2         |
|    entropy_loss         | -11.8       |
|    explained_variance   | 0.515       |
|    learning_rate        | 0.0003      |
|    loss                 | -0.168      |
|    n_updates            | 360         |
|    policy_gradient_loss | -0.0427     |
|    std                  | 1.06        |
|    value_loss           | 0.0563      |
-----------------------------------------
-----------------------------------------
| rollout/                |             |
|    ep_len_mean          | 61.7        |
|    ep_rew_mean          | -57         |
| time/                   |             |
|    fps                  | 1893        |
|    iterations           | 38          |
|    time_elapsed         | 82          |
|    total_timesteps      | 155648      |
| train/                  |             |
|    approx_kl            | 0.017965095 |
|    clip_fraction        | 0.198       |
|    clip_range           | 0.2         |
|    entropy_loss         | -11.8       |
|    explained_variance   | 0.574       |
|    learning_rate        | 0.0003      |
|    loss                 | -0.173      |
|    n_updates            | 370         |
|    policy_gradient_loss | -0.0414     |
|    std                  | 1.06        |
|    value_loss           | 0.0683      |
-----------------------------------------
-----------------------------------------
| rollout/                |             |
|    ep_len_mean          | 37.8        |
|    ep_rew_mean          | -36.2       |
| time/                   |             |
|    fps                  | 1876        |
|    iterations           | 39          |
|    time_elapsed         | 85          |
|    total_timesteps      | 159744      |
| train/                  |             |
|    approx_kl            | 0.017563378 |
|    clip_fraction        | 0.206       |
|    clip_range           | 0.2         |
|    entropy_loss         | -11.8       |
|    explained_variance   | 0.546       |
|    learning_rate        | 0.0003      |
|    loss                 | -0.152      |
|    n_updates            | 380         |
|    policy_gradient_loss | -0.0404     |
|    std                  | 1.06        |
|    value_loss           | 0.057       |
-----------------------------------------
Eval num_timesteps=160000, episode_reward=-3.85 +/- 1.43
Episode length: 3.40 +/- 0.80
-----------------------------------------
| eval/                   |             |
|    mean_ep_length       | 3.4         |
|    mean_reward          | -3.85       |
| time/                   |             |
|    total_timesteps      | 160000      |
| train/                  |             |
|    approx_kl            | 0.017220587 |
|    clip_fraction        | 0.207       |
|    clip_range           | 0.2         |
|    entropy_loss         | -11.8       |
|    explained_variance   | 0.617       |
|    learning_rate        | 0.0003      |
|    loss                 | -0.161      |
|    n_updates            | 390         |
|    policy_gradient_loss | -0.0401     |
|    std                  | 1.06        |
|    value_loss           | 0.0672      |
-----------------------------------------
  Grip success rate (last 1000 steps): 92.80%
---------------------------------
| rollout/           |          |
|    ep_len_mean     | 31.8     |
|    ep_rew_mean     | -11.7    |
| time/              |          |
|    fps             | 1851     |
|    iterations      | 40       |
|    time_elapsed    | 88       |
|    total_timesteps | 163840   |
---------------------------------
-----------------------------------------
| rollout/                |             |
|    ep_len_mean          | 20.1        |
|    ep_rew_mean          | -25         |
| time/                   |             |
|    fps                  | 1823        |
|    iterations           | 41          |
|    time_elapsed         | 92          |
|    total_timesteps      | 167936      |
| train/                  |             |
|    approx_kl            | 0.018469026 |
|    clip_fraction        | 0.214       |
|    clip_range           | 0.2         |
|    entropy_loss         | -11.8       |
|    explained_variance   | 0.529       |
|    learning_rate        | 0.0003      |
|    loss                 | -0.17       |
|    n_updates            | 400         |
|    policy_gradient_loss | -0.0431     |
|    std                  | 1.06        |
|    value_loss           | 0.0556      |
-----------------------------------------
-----------------------------------------
| rollout/                |             |
|    ep_len_mean          | 23.5        |
|    ep_rew_mean          | 0.304       |
| time/                   |             |
|    fps                  | 1803        |
|    iterations           | 42          |
|    time_elapsed         | 95          |
|    total_timesteps      | 172032      |
| train/                  |             |
|    approx_kl            | 0.016390275 |
|    clip_fraction        | 0.181       |
|    clip_range           | 0.2         |
|    entropy_loss         | -11.8       |
|    explained_variance   | 0.6         |
|    learning_rate        | 0.0003      |
|    loss                 | -0.153      |
|    n_updates            | 410         |
|    policy_gradient_loss | -0.0406     |
|    std                  | 1.06        |
|    value_loss           | 0.0564      |
-----------------------------------------
----------------------------------------
| rollout/                |            |
|    ep_len_mean          | 16.6       |
|    ep_rew_mean          | -18.3      |
| time/                   |            |
|    fps                  | 1795       |
|    iterations           | 43         |
|    time_elapsed         | 98         |
|    total_timesteps      | 176128     |
| train/                  |            |
|    approx_kl            | 0.01782693 |
|    clip_fraction        | 0.211      |
|    clip_range           | 0.2        |
|    entropy_loss         | -11.8      |
|    explained_variance   | 0.82       |
|    learning_rate        | 0.0003     |
|    loss                 | -0.158     |
|    n_updates            | 420        |
|    policy_gradient_loss | -0.0408    |
|    std                  | 1.06       |
|    value_loss           | 0.0482     |
----------------------------------------
  Grip success rate (last 1000 steps): 96.80%
-----------------------------------------
| rollout/                |             |
|    ep_len_mean          | 31          |
|    ep_rew_mean          | 14.2        |
| time/                   |             |
|    fps                  | 1792        |
|    iterations           | 44          |
|    time_elapsed         | 100         |
|    total_timesteps      | 180224      |
| train/                  |             |
|    approx_kl            | 0.017949846 |
|    clip_fraction        | 0.218       |
|    clip_range           | 0.2         |
|    entropy_loss         | -11.8       |
|    explained_variance   | 0.697       |
|    learning_rate        | 0.0003      |
|    loss                 | -0.165      |
|    n_updates            | 430         |
|    policy_gradient_loss | -0.0431     |
|    std                  | 1.06        |
|    value_loss           | 0.0611      |
-----------------------------------------
-----------------------------------------
| rollout/                |             |
|    ep_len_mean          | 9.85        |
|    ep_rew_mean          | -9.23       |
| time/                   |             |
|    fps                  | 1782        |
|    iterations           | 45          |
|    time_elapsed         | 103         |
|    total_timesteps      | 184320      |
| train/                  |             |
|    approx_kl            | 0.019614752 |
|    clip_fraction        | 0.223       |
|    clip_range           | 0.2         |
|    entropy_loss         | -11.9       |
|    explained_variance   | 0.742       |
|    learning_rate        | 0.0003      |
|    loss                 | -0.173      |
|    n_updates            | 440         |
|    policy_gradient_loss | -0.0444     |
|    std                  | 1.07        |
|    value_loss           | 0.0478      |
-----------------------------------------
-----------------------------------------
| rollout/                |             |
|    ep_len_mean          | 23.1        |
|    ep_rew_mean          | -2.19       |
| time/                   |             |
|    fps                  | 1768        |
|    iterations           | 46          |
|    time_elapsed         | 106         |
|    total_timesteps      | 188416      |
| train/                  |             |
|    approx_kl            | 0.017570456 |
|    clip_fraction        | 0.196       |
|    clip_range           | 0.2         |
|    entropy_loss         | -11.9       |
|    explained_variance   | 0.616       |
|    learning_rate        | 0.0003      |
|    loss                 | -0.162      |
|    n_updates            | 450         |
|    policy_gradient_loss | -0.0431     |
|    std                  | 1.07        |
|    value_loss           | 0.0557      |
-----------------------------------------
----------------------------------------
| rollout/                |            |
|    ep_len_mean          | 23         |
|    ep_rew_mean          | -13        |
| time/                   |            |
|    fps                  | 1756       |
|    iterations           | 47         |
|    time_elapsed         | 109        |
|    total_timesteps      | 192512     |
| train/                  |            |
|    approx_kl            | 0.01776103 |
|    clip_fraction        | 0.197      |
|    clip_range           | 0.2        |
|    entropy_loss         | -11.9      |
|    explained_variance   | 0.571      |
|    learning_rate        | 0.0003     |
|    loss                 | -0.158     |
|    n_updates            | 460        |
|    policy_gradient_loss | -0.0405    |
|    std                  | 1.07       |
|    value_loss           | 0.0499     |
----------------------------------------
-----------------------------------------
| rollout/                |             |
|    ep_len_mean          | 19.4        |
|    ep_rew_mean          | -10.3       |
| time/                   |             |
|    fps                  | 1750        |
|    iterations           | 48          |
|    time_elapsed         | 112         |
|    total_timesteps      | 196608      |
| train/                  |             |
|    approx_kl            | 0.017336598 |
|    clip_fraction        | 0.198       |
|    clip_range           | 0.2         |
|    entropy_loss         | -11.9       |
|    explained_variance   | 0.642       |
|    learning_rate        | 0.0003      |
|    loss                 | -0.121      |
|    n_updates            | 470         |
|    policy_gradient_loss | -0.0444     |
|    std                  | 1.07        |
|    value_loss           | 0.0624      |
-----------------------------------------
Eval num_timesteps=200000, episode_reward=-3.29 +/- 0.50
Episode length: 3.00 +/- 0.00
-----------------------------------------
| eval/                   |             |
|    mean_ep_length       | 3           |
|    mean_reward          | -3.29       |
| time/                   |             |
|    total_timesteps      | 200000      |
| train/                  |             |
|    approx_kl            | 0.020120272 |
|    clip_fraction        | 0.228       |
|    clip_range           | 0.2         |
|    entropy_loss         | -11.9       |
|    explained_variance   | 0.697       |
|    learning_rate        | 0.0003      |
|    loss                 | -0.17       |
|    n_updates            | 480         |
|    policy_gradient_loss | -0.044      |
|    std                  | 1.07        |
|    value_loss           | 0.0583      |
-----------------------------------------
New best mean reward!
  Grip success rate (last 1000 steps): 86.00%
---------------------------------
| rollout/           |          |
|    ep_len_mean     | 9.15     |
|    ep_rew_mean     | -6.24    |
| time/              |          |
|    fps             | 1743     |
|    iterations      | 49       |
|    time_elapsed    | 115      |
|    total_timesteps | 200704   |
---------------------------------
 100% ━━━━━━━━━━━━━━━━━━━━━━━━ 200,704/200,000  [ 0:01:54 < 0:00:00 , 1,421 it/s ]

Policy saved to checkpoints/grasping_v5/grasping_policy_20260111_235334.zip
Normalization stats saved

Final evaluation:
  Survived 10 steps
  Total reward: -7.46
  Grip rate: 100.00%

Done!
